Application is running with Unicode string encoding.
pglSetStatus::   Pgl Session Initialize (INFO MESSAGE)
Valid file wpplibs.cmp with extension cmp was not found in any of CURRENT_DIR,PROJ_LANG_TEXT_DIR,PROJ_TEXT_DIR,CUSTOM_LOCALE_FONT_DIR,PRO_LANG_TEXT_DIR,PRO_TEXT_DIR,MACHINE_LANG_TEXT_DIR,MACHINE_TEXT_DIR,PRO_FONT_DIR
Valid file wpplibs.cmp with extension cmp was not found in any of CURRENT_DIR,PROJ_LANG_TEXT_DIR,PROJ_TEXT_DIR,CUSTOM_LOCALE_FONT_DIR,PRO_LANG_TEXT_DIR,PRO_TEXT_DIR,MACHINE_LANG_TEXT_DIR,MACHINE_TEXT_DIR,PRO_FONT_DIR
uit_get_visual_style_low:  Style is PTC Creo 4 (INFO MESSAGE)
GalleryBaseWdg::GalleryBaseWdg:  Activate command of 'ProCmdDwgTblFromGallery' should be type uiCmdTypeNone (INFO MESSAGE)
GalleryBaseWdg::GalleryBaseWdg:  Activate command of 'ProCmdCEFormatsGallery' should be type uiCmdTypeNone (INFO MESSAGE)
GalleryBaseWdg::GalleryBaseWdg:  Activate command of 'ProCmdCEFltFormatsGallery' should be type uiCmdTypeNone (INFO MESSAGE)
uit_CmdUiLoadIfNeeded:  The size of image 'drawing_sketch_tab_toggle.png' is not valid ('32x32') in short resource 'procmdutilappdwglgcysket.res' (INFO MESSAGE)
uit_CmdUiLoadIfNeeded:  The size of image 'construction_mode_large' is not valid ('32x32') in short resource 'procmdeditgeomconstruct.res' (INFO MESSAGE)
ProCmdSelBufferAttrSet():  Can't to find the command: ProCmdFaceted (INFO MESSAGE)
ProCmdSelBufferAttrSet():  Selection Buffer Attribute loaded 56 commands (INFO MESSAGE)
GalleryBaseWdg::GalleryBaseWdg:  Activate command of 'ProCmdMankSelGalPostr' should be type uiCmdTypeNone (INFO MESSAGE)
uit_CmdUiLoadIfNeeded:  The size of image 'options_large' is not valid ('32x32') in short resource 'procmdpmachkannotdepend.res' (INFO MESSAGE)
uit_CmdUiLoadIfNeeded:  The size of image 'options_large' is not valid ('32x32') in short resource 'procmdpmachksldpnldimdpend.res' (INFO MESSAGE)
uit_CmdUiLoadIfNeeded:  The size of image 'symbol_customization_large.png' is not valid ('32x32') in short resource 'procmdpmachksldpnlsymcustom.res' (INFO MESSAGE)
uit_CmdUiLoadIfNeeded:  The size of image 'symbol_palette_large.png' is not valid ('32x32') in short resource 'procmdpmachksldpnlsympalette.res' (INFO MESSAGE)
uit_CmdUiLoadIfNeeded:  The size of image 'symbol_galery_large.png' is not valid ('32x32') in short resource 'procmdpmaoptsymlib.res' (INFO MESSAGE)
uit_CmdUiLoadIfNeeded:  The size of image 'drw_symbol_lib_large.png' is not valid ('32x32') in short resource 'procmdpmapushbrowsesymdef.res' (INFO MESSAGE)
uit_CmdUiLoadIfNeeded:  The size of image 'cancel_large' is not valid ('32x32') in short resource 'procmdpmapushcancel.res' (INFO MESSAGE)
uit_CmdUiLoadIfNeeded:  The size of image 'symbol_reference_large.png' is not valid ('32x32') in short resource 'procmdpmapushsymreferences.res' (INFO MESSAGE)
uit_CmdUiLoadIfNeeded:  The size of image 'copy_name_large' is not valid ('32x32') in short resource 'procmdpmachksldpnlsymdefname.res' (INFO MESSAGE)
GalleryBaseWdg::GalleryBaseWdg:  Activate command of 'ProCmdPmaOptSymLib' should be type uiCmdTypeNone (INFO MESSAGE)
uit_CmdUiLoadIfNeeded:  The size of image 'hatch_open_library_large' is not valid ('32x32') in short resource 'procmdpmacascadehatchlib.res' (INFO MESSAGE)
GalleryBaseWdg::GalleryBaseWdg:  Activate command of 'ProCmdPmaCascadeHatchLib' should be type uiCmdTypeNone (INFO MESSAGE)
uit_CmdUiLoadIfNeeded:  The size of image 'use_model_hatch_large.png' is not valid ('32x32') in short resource 'procmdpmabtnhatchusemdl.res' (INFO MESSAGE)
uit_CmdUiLoadIfNeeded:  The size of image 'cancel_large' is not valid ('32x32') in short resource 'procmdpmasurfpushcancel.res' (INFO MESSAGE)
uit_CmdUiLoadIfNeeded:  The size of image 'copy_name_large' is not valid ('32x32') in short resource 'procmdpmachksldpnlsurfdefnm.res' (INFO MESSAGE)
GalleryBaseWdg::GalleryBaseWdg:  Activate command of 'ProCmdPmaOptSurfFinLib' should be type uiCmdTypeNone (INFO MESSAGE)
UitGroupItem::initVertCells:  The maximum group height has been increased to 122 (INFO MESSAGE)
ugc_check_version_dbtype:  file 67 != expected 7 (INFO MESSAGE)
ULC::LoadLow:  The customization file is being read from C:\Users\shawn\AppData\Roaming\PTC\ProENGINEER\Wildfire\.wf\.Settings\creo_parametric_customization.ui (INFO MESSAGE)
uit_CmdUiLoadIfNeeded:  The size of image 'procmdsimzip_large.png' is not valid ('32x32') in short resource 'procmdsimintegexportapr.res' (INFO MESSAGE)
uit_CmdUiLoadIfNeeded:  The size of image 'procmdsimzip_large.png' is not valid ('32x32') in short resource 'procmdsimintegexportdscodat.res' (INFO MESSAGE)
uit_CmdUiLoadIfNeeded:  The size of image '3D_web_print_large' is not valid ('32x32') in short resource 'procmd3dprintorder.res' (INFO MESSAGE)
uit_CmdUiLoadIfNeeded:  The size of image 'view_properties_large.png' is not valid ('32x32') in short resource 'procmdmanageuicustomization.res' (INFO MESSAGE)
uit_CmdUiLoadIfNeeded:  The size of image 'start_session_large.bif' is not valid ('32x32') in short resource 'procmdstartexperiment.res' (INFO MESSAGE)
uit_CmdUiLoadIfNeeded:  The size of image 'session_warning_events32x16' is not valid ('32x16') in short resource 'procmdinfonmgrlightdlg.res' (INFO MESSAGE)
pglSetStatus::   PglWindowEndNoGraphics: Not in nographics mode. (INFO MESSAGE)

 run mode = 2
cadds5_link_app_path_name():  NuTCRACKER is not installed (INFO MESSAGE)
check_exec_file_accessible_():  C:\Program Files\PTC\Creo 9.0.0.0\Common Files\\x86e_win64\obj\SWToPro.exe accessible (INFO MESSAGE)
check_exec_file_accessible_():  C:\Program Files\PTC\Creo 9.0.0.0\Common Files\\x86e_win64\obj\SeodxToPro.exe accessible (INFO MESSAGE)
PFSDBArrToFilter:  shouldn't do both (INFO MESSAGE)
PFSTMakeTypeString:  no zip found (INFO MESSAGE)
uit_get_visual_style_low:  Style is PTC Creo 4 (INFO MESSAGE)
uit_CmdUiLoadIfNeeded:  Can't find a resource ProCmdApplMenuDbgInfo. (INFO MESSAGE)
AdbPage::buildSizeStateTable:  Can't build Size State Table for page 'home_File' (INFO MESSAGE)
read_as_UGC:  couldn't read header (INFO MESSAGE)
listChapters:  read failed (INFO MESSAGE)
ugc_set_cur_portion:  reset encountered (INFO MESSAGE)
intf_file_type_check():  File type 539 is different than the selected type 836 (INFO MESSAGE)
IntfSettingsHandlerById:  uninitialized 0 (INFO MESSAGE)
IntfSettingsHandlerById:  uninitialized 3 (INFO MESSAGE)
DlgImptInit:  Attempt to use Diagram option without lisence (INFO MESSAGE)
IntfSettingsHandlerById:  uninitialized 0 (INFO MESSAGE)
IntfSettingsHandlerById:  uninitialized 3 (INFO MESSAGE)
IntfSettingsHandlerById:  uninitialized 0 (INFO MESSAGE)
IntfSettingsHandlerById:  uninitialized 3 (INFO MESSAGE)
DlgImptNewModel:  using values from profile (INFO MESSAGE)
nl_fill_path_name::  fill_pfa: full_name=92844a142_316_stainless_steel_w.prt, session_name=92844A142_316_STAINLESS_STEEL_W obj_type=2 (INFO MESSAGE)
find_sld_appl_info:  Type not handled 2 (INFO MESSAGE)
dtl_load_fonts:  (Re)loading fonts (INFO MESSAGE)
dtl_font_session_id:  Using default font for text with font id -1 (INFO MESSAGE)
setup_tmp_intf_data():  Character not allowed in Pro/E model name was changed to '_' (INFO MESSAGE)
feat_ptr_layer_id_low:  Failed to get layer id for feat 5 (INFO MESSAGE)
number of shells 1
split_and_simplify_geom():  status 69 from split_periodic_intf_geom() for geom 45 (INFO MESSAGE)
split_and_simplify_geom():  status 69 from split_periodic_intf_geom() for geom 46 (INFO MESSAGE)
split_and_simplify_geom():  status 69 from split_periodic_intf_geom() for geom 47 (INFO MESSAGE)
split_and_simplify_geom():  status 69 from split_periodic_intf_geom() for geom 48 (INFO MESSAGE)
rls_intf_entry_ptr_data():  unreleased memory, ent type 61 (INFO MESSAGE)
interface_geometry_low:  Proc.time 00:00:00. (INFO MESSAGE)
feattop_with_data_n_func:  layer idx -2 (INFO MESSAGE)
pglSetStatus::   TriStripSetWithAtt with no strip (INFO MESSAGE)
update_rmb_context:  ==== Called update_rmb_context() (INFO MESSAGE)
pro_notification_remove:  event_id 0 was never defined? (INFO MESSAGE)
update_rmb_context:  ==== Called update_rmb_context() (INFO MESSAGE)
pro_notification_remove:  event_id 0 was never defined? (INFO MESSAGE)
pro_notification_remove:  failed to find func to remove (INFO MESSAGE)
init_simulate_app:  mode = MECH_INIT_ONDEMAND (INFO MESSAGE)
W : pro_bind : attempt to bind function "sim_tree_expand_new_created_objects" , which is already bound
W-promenu_on_button can not find PART-Move Dim
W-promenu_on_button can not find PART-Export
W-promenu_on_button can not find PART-List Declare
W-promenu_on_button can not find PART-Shrink Info
update_rmb_context:  ==== Called update_rmb_context() (INFO MESSAGE)
uit_CmdUiLoadIfNeeded:  The size of image 'boolean_operations_large.png' is not valid ('32x32') in short resource 'procmdbooleanbodies.res' (INFO MESSAGE)
uit_CmdUiLoadIfNeeded:  The size of image 'body_split_large.png' is not valid ('32x32') in short resource 'procmdbodysplit.res' (INFO MESSAGE)
uit_CmdUiLoadIfNeeded:  The size of image 'body_new_large.png' is not valid ('32x32') in short resource 'procmdnewbody.res' (INFO MESSAGE)
uit_CmdUiLoadIfNeeded:  The size of image 'body_remove_large.png' is not valid ('32x32') in short resource 'procmdremovebody.res' (INFO MESSAGE)
uit_CmdUiLoadIfNeeded:  The size of image 'unify_surfaces_large.png' is not valid ('32x32') in short resource 'procmdunifysrf.res' (INFO MESSAGE)
uit_CmdUiLoadIfNeeded:  The size of image 'wgen_generate_related_items_large.png' is not valid ('32x32') in short resource 'procmdwdggenerator.res' (INFO MESSAGE)
uit_CmdUiLoadIfNeeded:  The size of image 'simulation_probe_large.png' is not valid ('32x32') in short resource 'procmdprobesave.res' (INFO MESSAGE)
uit_CmdUiLoadIfNeeded:  The size of image 'live_simulation_large.png' is not valid ('32x32') in short resource 'procmdsimliverun.res' (INFO MESSAGE)
uit_CmdUiLoadIfNeeded:  The size of image 'plot_quality_large.png' is not valid ('32x32') in short resource 'procmdsimliveperfopt.res' (INFO MESSAGE)
uit_CmdUiLoadIfNeeded:  The size of image 'simulation_displacement_large.png' is not valid ('32x32') in short resource 'procmdsimintegenfdisp.res' (INFO MESSAGE)
uit_CmdUiLoadIfNeeded:  The size of image 'procmdsimloadforce_large.png' is not valid ('32x32') in short resource 'procmdsimintegforce.res' (INFO MESSAGE)
uit_CmdUiLoadIfNeeded:  The size of image 'linear_acceleration_large' is not valid ('32x32') in short resource 'procmdsimintegacceleration.res' (INFO MESSAGE)
uit_CmdUiLoadIfNeeded:  The size of image 'procmdsimconvcond_large.png' is not valid ('32x32') in short resource 'procmdsimintegconvec.res' (INFO MESSAGE)
uit_CmdUiLoadIfNeeded:  The size of image 'simulation_objects_show_large.png' is not valid ('32x32') in short resource 'procmddispsimobj.res' (INFO MESSAGE)
uit_CmdUiLoadIfNeeded:  The size of image 'live_simulate_trial_large.png' is not valid ('32x32') in short resource 'procmdsimlivelictrial.res' (INFO MESSAGE)
uit_CmdUiLoadIfNeeded:  The size of image 'discover_tutorial_large.png' is not valid ('32x32') in short resource 'procmdsimlivetutorial.res' (INFO MESSAGE)
uit_CmdUiLoadIfNeeded:  The size of image 'player_pause_large.png' is not valid ('32x32') in short resource 'procmdsimlivepause.res' (INFO MESSAGE)
uit_CmdUiLoadIfNeeded:  The size of image 'transient_thermal_time_limit_large.png' is not valid ('32x32') in short resource 'procmdsimlivetimelimit.res' (INFO MESSAGE)
uit_CmdUiLoadIfNeeded:  The size of image 'sim_cfd_fluid_velocity_large' is not valid ('32x32') in short resource 'procmdsimintegflowvelocity.res' (INFO MESSAGE)
uit_CmdUiLoadIfNeeded:  The size of image 'sim_cfd_inlet_pressure_large' is not valid ('32x32') in short resource 'procmdsiminteginletpressure.res' (INFO MESSAGE)
uit_CmdUiLoadIfNeeded:  The size of image 'sim_cfd_outlet_pressure_large' is not valid ('32x32') in short resource 'procmdsimintegoutletpressure.res' (INFO MESSAGE)
uit_CmdUiLoadIfNeeded:  The size of image 'cfd_result_large' is not valid ('32x32') in short resource 'procmdsimliveresshow.res' (INFO MESSAGE)
uit_CmdUiLoadIfNeeded:  The size of image 'sim_cfd_streamlines_large' is not valid ('32x32') in short resource 'procmdsimlivestreamlinesshow.res' (INFO MESSAGE)
uit_CmdUiLoadIfNeeded:  The size of image 'sim_cfd_streamlines_options_large' is not valid ('32x32') in short resource 'procmdsimlivestreamlinesopt.res' (INFO MESSAGE)
uit_CmdUiLoadIfNeeded:  The size of image 'sim_cfd_particles_options_large' is not valid ('32x32') in short resource 'procmdsimliveparticlesopt.res' (INFO MESSAGE)
uit_CmdUiLoadIfNeeded:  The size of image 'sim_cfd_cut_plane_large' is not valid ('32x32') in short resource 'procmdsimlivecutplane.res' (INFO MESSAGE)
uit_CmdUiLoadIfNeeded:  The size of image 'sim_cfd_direction_field_large' is not valid ('32x32') in short resource 'procmdsimlivedirfield.res' (INFO MESSAGE)
uit_CmdUiLoadIfNeeded:  The size of image 'move_to_annotation_feature_large.png' is not valid ('32x32') in short resource 'procmdannotsmovebtwafs.res' (INFO MESSAGE)
uit_CmdUiLoadIfNeeded:  The size of image 'symbol_large.png' is not valid ('32x32') in short resource 'procmdins3dsymcustom.res' (INFO MESSAGE)
uit_CmdUiLoadIfNeeded:  The size of image 'snap_to_guides_large' is not valid ('32x32') in short resource 'procmdsnaptoguide.res' (INFO MESSAGE)
uit_CmdUiLoadIfNeeded:  The size of image 'spatial_target_large.png' is not valid ('32x32') in short resource 'procmdarexperiencetmplacement.res' (INFO MESSAGE)
uit_CmdUiLoadIfNeeded:  The size of image 'thing_mark_large.png' is not valid ('32x32') in short resource 'procmdarexperiencethingmark.res' (INFO MESSAGE)
uit_CmdUiLoadIfNeeded:  The size of image 'direct_assembly_move' is not valid ('32x32') in short resource 'procmdflexmoveassm.res' (INFO MESSAGE)
uit_CmdUiLoadIfNeeded:  The size of image 'generative_design_feature_large' is not valid ('32x32') in short resource 'procmdsimgd.res' (INFO MESSAGE)
uit_CmdUiLoadIfNeeded:  The size of image 'cfd_analysis_large' is not valid ('32x32') in short resource 'procmdutilappcfd.res' (INFO MESSAGE)
uit_CmdUiLoadIfNeeded:  The size of image 'update_model_large.bif' is not valid ('32x32') in short resource 'procmdupdatepb.res' (INFO MESSAGE)
uit_CmdUiLoadIfNeeded:  The size of image 'mtrl_cur.bif' is not valid ('10x12') in short resource 'procmdmmassignmaterial.res' (INFO MESSAGE)
uit_CmdUiLoadIfNeeded:  The size of image 'move_to_annotation_feature_large.png' is not valid ('32x32') in short resource 'procmdannotsmovebtwafsrmb.res' (INFO MESSAGE)
uit_CmdUiLoadIfNeeded:  The size of image 'procmdsimresults_large.png' is not valid ('32x32') in short resource 'procmdsimliveresopt.res' (INFO MESSAGE)
UitGroupCascadeItem::updateVisibleItem:  The visible item in Cascade 'casc3104001' changed to 'ProCmdEnvShaded_item' (INFO MESSAGE)
feat_ptr_layer_id_low:  Failed to get layer id for feat 70 (INFO MESSAGE)
disable_save:  background save disabled, disable_count = 1 (INFO MESSAGE)
update_rmb_context:  ==== Called update_rmb_context() (INFO MESSAGE)
GeomPreviewWdg_ModVisibleCB:  Geometry cannot be constructed (INFO MESSAGE)
feat_ptr_layer_id_low:  Failed to get layer id for feat 70 (INFO MESSAGE)
 SimpleScWdg_UiAction:   ... "DtmAxisConstrColl" is current collector (INFO MESSAGE)
       cell ("0","column_2"): symbols: 5; pixels: 108
        labwid colwid sublen(pix) : (ext, sym) sublab
            5 <=  5 :  6 (87) : ( 8, 18) "Through"
feat_ptr_layer_id_low:  Failed to get layer id for feat 70 (INFO MESSAGE)
pglSetStatus::   TriStripSetWithAtt with no strip (INFO MESSAGE)
PreviewWdg_SetPausePopupMenuName:  Invalid level -1 (INFO MESSAGE)
enable_save:  background save enabled, disable_count = 0 (INFO MESSAGE)
feat_ptr_layer_id_low:  Failed to get layer id for feat 70 (INFO MESSAGE)

   File_1 is: C:\Users\shawn\OneDrive - North Dakota University System\ME 487 - Engineering Design\Lunabotics\GitHub\Lunabotics-2022-2023-Team-CAD\IMPORT FILES\backdb_bef.dat.1
   File_2 is: C:\Users\shawn\OneDrive - North Dakota University System\ME 487 - Engineering Design\Lunabotics\GitHub\Lunabotics-2022-2023-Team-CAD\IMPORT FILES\backdb_aft.dat.1
obj_action_buffer_get_w_filter_low:  Doing References Control checking. (INFO MESSAGE)
disable_save:  background save disabled, disable_count = 1 (INFO MESSAGE)
check_exec_file_accessible_():  C:\Program Files\PTC\Creo 9.0.0.0\Common Files\\x86e_win64\obj\progeo_to_cat4 not accessible (INFO MESSAGE)
obj_action_buffer_get_w_filter_low:  Doing References Control checking. (INFO MESSAGE)
fsl_load_default_type:  default -5 not found (INFO MESSAGE)
dbmsop_copy_get_dbms_opts:  2 != 10 (INFO MESSAGE)
pglSetStatus::   TriStripSetWithAtt with no strip (INFO MESSAGE)
dbmsop_retr_get_embed_data:  9 != 10 (INFO MESSAGE)
zstDummyCreoPI::setModified:  setting group_index = 0 modified (INFO MESSAGE)
writing 92844A142_316_STAINLESS_STEEL_W of type 2
nl_fill_path_name::  fill_pfa: full_name=C:\Users\shawn\OneDrive - North Dakota University System\ME 487 - Engineering Design\Lunabotics\GitHub\Lunabotics-2022-2023-Team-CAD\92844a142_316_stainless_steel_w.prt, session_name=92844A142_316_STAINLESS_STEEL_W obj_type=2 (INFO MESSAGE)
put_name_list_origin:  ListName: 2 Id: 0 PFA is available: C:\Users\shawn\OneDrive - North Dakota University System\ME 487 - Engineering Design\Lunabotics\GitHub\Lunabotics-2022-2023-Team-CAD\92844a142_316_stainless_steel_w.prt.1 (INFO MESSAGE)
ProMdlUIdGet:   2b23e514-f004-5ac8-b47b-f25e9c908b44 (INFO MESSAGE)
enable_save:  background save enabled, disable_count = 0 (INFO MESSAGE)
pro_notification_remove:  failed to find func to remove (INFO MESSAGE)
zstDummyCreoPI::setModified:  setting group_index = 0 modified (INFO MESSAGE)

   File_1 is: C:\Users\shawn\OneDrive - North Dakota University System\ME 487 - Engineering Design\Lunabotics\GitHub\Lunabotics-2022-2023-Team-CAD\IMPORT FILES\backdb_bef.dat.1
   File_2 is: C:\Users\shawn\OneDrive - North Dakota University System\ME 487 - Engineering Design\Lunabotics\GitHub\Lunabotics-2022-2023-Team-CAD\IMPORT FILES\backdb_aft.dat.1
obj_action_buffer_get_w_filter_low:  Doing References Control checking. (INFO MESSAGE)
disable_save:  background save disabled, disable_count = 1 (INFO MESSAGE)
check_exec_file_accessible_():  C:\Program Files\PTC\Creo 9.0.0.0\Common Files\\x86e_win64\obj\progeo_to_cat4 not accessible (INFO MESSAGE)
fsl_load_default_type:  default -5 not found (INFO MESSAGE)
dbmsop_copy_get_dbms_opts:  2 != 10 (INFO MESSAGE)
dbmsop_retr_get_embed_data:  9 != 10 (INFO MESSAGE)
zstDummyCreoPI::setModified:  setting group_index = 0 modified (INFO MESSAGE)
writing 92844A142_316_STAINLESS_STEEL_W of type 2
addHints:  adding SKIP_PENDING (INFO MESSAGE)
addHints:  adding UGE_ORIGINAL_VERSION.C:/Users/shawn/OneDrive - North Dakota University System/ME 487 - Engineering Design/Lunabotics/GitHub/Lunabotics-2022-2023-Team-CAD/92844a142_316_stainless_steel_w.prt.1 (INFO MESSAGE)
addHints:  adding NO_STS_TRANSACTION (INFO MESSAGE)
addHints:  adding SKIP_PENDING (INFO MESSAGE)
zTocMgr::internal_maybe_open:  hint is SKIP_PENDING (INFO MESSAGE)
zstDummyCreoPI::setModified:  setting group_index = 0 modified (INFO MESSAGE)
nl_fill_path_name::  fill_pfa: full_name=C:\Users\shawn\OneDrive - North Dakota University System\ME 487 - Engineering Design\Lunabotics\GitHub\Lunabotics-2022-2023-Team-CAD\92844a142_316_stainless_steel_w.prt, session_name=92844A142_316_STAINLESS_STEEL_W obj_type=2 (INFO MESSAGE)
put_name_list_origin:  ListName: 2 Id: 0 PFA is available: C:\Users\shawn\OneDrive - North Dakota University System\ME 487 - Engineering Design\Lunabotics\GitHub\Lunabotics-2022-2023-Team-CAD\92844a142_316_stainless_steel_w.prt.2 (INFO MESSAGE)
ProMdlUIdGet:   2b23e514-f004-5ac8-b47b-f25e9c908b44 (INFO MESSAGE)
enable_save:  background save enabled, disable_count = 0 (INFO MESSAGE)
pro_notification_remove:  failed to find func to remove (INFO MESSAGE)
zstDummyCreoPI::setModified:  setting group_index = 0 modified (INFO MESSAGE)

   File_1 is: C:\Users\shawn\OneDrive - North Dakota University System\ME 487 - Engineering Design\Lunabotics\GitHub\Lunabotics-2022-2023-Team-CAD\IMPORT FILES\backdb_bef.dat.1
   File_2 is: C:\Users\shawn\OneDrive - North Dakota University System\ME 487 - Engineering Design\Lunabotics\GitHub\Lunabotics-2022-2023-Team-CAD\IMPORT FILES\backdb_aft.dat.1
obj_action_buffer_get_w_filter_low:  Doing References Control checking. (INFO MESSAGE)
pro_notification_remove:  failed to find func to remove (INFO MESSAGE)
ProCmdBracketFuncRemove:  no cmd_id 2129655632 in local storage (INFO MESSAGE)
ProCmdBracketFuncRemove:  no cmd_id 2132594552 in local storage (INFO MESSAGE)
ProCmdBracketFuncRemove:  no cmd_id 2132595232 in local storage (INFO MESSAGE)
ProCmdBracketFuncRemove:  no cmd_id 2131772760 in local storage (INFO MESSAGE)
ProCmdBracketFuncRemove:  no cmd_id 2133441080 in local storage (INFO MESSAGE)
ProCmdBracketFuncRemove:  no cmd_id 2110085104 in local storage (INFO MESSAGE)
ProCmdBracketFuncRemove:  no cmd_id 2129654952 in local storage (INFO MESSAGE)
ProCmdBracketFuncRemove:  no cmd_id 2133435640 in local storage (INFO MESSAGE)
pglSetStatus::   PglWindowEndDynamic: Not in PGL_ACTIVITY_DRAW_DYNAMIC. (INFO MESSAGE)
zstDummyCreoPI::setModified:  setting group_index = 0 modified (INFO MESSAGE)
pro_notification_remove:  failed to find func to remove (INFO MESSAGE)
pgli_ogl_release_one_native_texture::  Invalid Opengl Context (INFO MESSAGE)
pglSetStatus::   Pgl Session Terminate (INFO MESSAGE)
